[0.014s] Invoking command in '/home/rinav/ros2_ws/build/husky_ur3_moveit_config': /usr/bin/cmake --build /home/rinav/ros2_ws/build/husky_ur3_moveit_config -- -j8 -l8
[0.069s] -- Found ament_cmake: 1.3.12 (/opt/ros/humble/share/ament_cmake/cmake)
[0.225s] Error parsing '/home/rinav/ros2_ws/src/husky_ur3_moveit_config/package.xml':
[0.263s] Traceback (most recent call last):
[0.263s]   File "/opt/ros/humble/share/ament_cmake_core/cmake/core/package_xml_2_cmake.py", line 150, in <module>
[0.263s]     main()
[0.263s]   File "/opt/ros/humble/share/ament_cmake_core/cmake/core/package_xml_2_cmake.py", line 53, in main
[0.263s]     raise e
[0.263s]   File "/opt/ros/humble/share/ament_cmake_core/cmake/core/package_xml_2_cmake.py", line 49, in main
[0.264s]     package = parse_package_string(
[0.264s]   File "/usr/lib/python3/dist-packages/catkin_pkg/package.py", line 788, in parse_package_string
[0.264s]     pkg.validate(warnings=warnings)
[0.264s]   File "/usr/lib/python3/dist-packages/catkin_pkg/package.py", line 330, in validate
[0.264s]     raise InvalidPackage('\n'.join(errors), self.filename)
[0.264s] catkin_pkg.package.InvalidPackage: Error(s) in package '/home/rinav/ros2_ws/src/husky_ur3_moveit_config/package.xml':
[0.264s] Invalid email "" for person ""
[0.264s] Maintainers must have an email address
[0.264s] Invalid email "" for person ""
[0.276s] [31mCMake Error at /opt/ros/humble/share/ament_cmake_core/cmake/core/ament_package_xml.cmake:95 (message):
[0.276s]   execute_process(/usr/bin/python3
[0.276s]   /opt/ros/humble/share/ament_cmake_core/cmake/core/package_xml_2_cmake.py
[0.276s]   /home/rinav/ros2_ws/src/husky_ur3_moveit_config/package.xml
[0.276s]   /home/rinav/ros2_ws/build/husky_ur3_moveit_config/ament_cmake_core/package.cmake)
[0.276s]   returned error code 1
[0.276s] Call Stack (most recent call first):
[0.276s]   /opt/ros/humble/share/ament_cmake_core/cmake/core/ament_package_xml.cmake:49 (_ament_package_xml)
[0.276s]   /opt/ros/humble/share/ament_cmake_core/cmake/core/ament_package.cmake:63 (ament_package_xml)
[0.277s]   CMakeLists.txt:6 (ament_package)
[0.277s] 
[0.277s] [0m
[0.277s] -- Configuring incomplete, errors occurred!
[0.277s] See also "/home/rinav/ros2_ws/build/husky_ur3_moveit_config/CMakeFiles/CMakeOutput.log".
[0.279s] gmake: *** [Makefile:226: cmake_check_build_system] Error 1
[0.281s] Invoked command in '/home/rinav/ros2_ws/build/husky_ur3_moveit_config' returned '2': /usr/bin/cmake --build /home/rinav/ros2_ws/build/husky_ur3_moveit_config -- -j8 -l8
