[0.010s] Invoking command in '/home/rinav/ros2_ws/build/husky_ur3_moveit_config': /usr/bin/cmake --build /home/rinav/ros2_ws/build/husky_ur3_moveit_config -- -j8 -l8
[0.028s] -- Found ament_cmake: 1.3.12 (/opt/ros/humble/share/ament_cmake/cmake)
[0.170s] Error parsing '/home/rinav/ros2_ws/src/husky_ur3_moveit_config/package.xml':
[0.203s] Traceback (most recent call last):
[0.203s]   File "/opt/ros/humble/share/ament_cmake_core/cmake/core/package_xml_2_cmake.py", line 150, in <module>
[0.203s]     main()
[0.203s]   File "/opt/ros/humble/share/ament_cmake_core/cmake/core/package_xml_2_cmake.py", line 53, in main
[0.203s]     raise e
[0.203s]   File "/opt/ros/humble/share/ament_cmake_core/cmake/core/package_xml_2_cmake.py", line 49, in main
[0.203s]     package = parse_package_string(
[0.203s]   File "/usr/lib/python3/dist-packages/catkin_pkg/package.py", line 788, in parse_package_string
[0.203s]     pkg.validate(warnings=warnings)
[0.203s]   File "/usr/lib/python3/dist-packages/catkin_pkg/package.py", line 330, in validate
[0.203s]     raise InvalidPackage('\n'.join(errors), self.filename)
[0.203s] catkin_pkg.package.InvalidPackage: Error(s) in package '/home/rinav/ros2_ws/src/husky_ur3_moveit_config/package.xml':
[0.203s] Invalid email "me" for person ""
[0.204s] Invalid email "me" for person ""
[0.213s] [31mCMake Error at /opt/ros/humble/share/ament_cmake_core/cmake/core/ament_package_xml.cmake:95 (message):
[0.213s]   execute_process(/usr/bin/python3
[0.214s]   /opt/ros/humble/share/ament_cmake_core/cmake/core/package_xml_2_cmake.py
[0.214s]   /home/rinav/ros2_ws/src/husky_ur3_moveit_config/package.xml
[0.214s]   /home/rinav/ros2_ws/build/husky_ur3_moveit_config/ament_cmake_core/package.cmake)
[0.214s]   returned error code 1
[0.214s] Call Stack (most recent call first):
[0.214s]   /opt/ros/humble/share/ament_cmake_core/cmake/core/ament_package_xml.cmake:49 (_ament_package_xml)
[0.214s]   /opt/ros/humble/share/ament_cmake_core/cmake/core/ament_package.cmake:63 (ament_package_xml)
[0.214s]   CMakeLists.txt:6 (ament_package)
[0.214s] 
[0.214s] [0m
[0.214s] -- Configuring incomplete, errors occurred!
[0.214s] See also "/home/rinav/ros2_ws/build/husky_ur3_moveit_config/CMakeFiles/CMakeOutput.log".
[0.216s] gmake: *** [Makefile:226: cmake_check_build_system] Error 1
[0.217s] Invoked command in '/home/rinav/ros2_ws/build/husky_ur3_moveit_config' returned '2': /usr/bin/cmake --build /home/rinav/ros2_ws/build/husky_ur3_moveit_config -- -j8 -l8
